<?xml version="1.0" encoding="UTF-8"?>
<testng-results ignored="0" total="1" passed="1" failed="0" skipped="0">
  <reporter-output>
  </reporter-output>
  <suite started-at="2022-10-15T17:09:03 BDT" name="Default suite" finished-at="2022-10-15T17:09:24 BDT" duration-ms="20544">
    <groups>
    </groups>
    <test started-at="2022-10-15T17:09:03 BDT" name="Default test" finished-at="2022-10-15T17:09:24 BDT" duration-ms="20544">
      <class name="locator.rahulshettyacademadvancedxpath">
        <test-method signature="myfirstTest()[pri:0, instance:locator.rahulshettyacademadvancedxpath@485966cc]" started-at="2022-10-15T17:09:03 BDT" name="myfirstTest" finished-at="2022-10-15T17:09:24 BDT" duration-ms="20495" status="PASS">
          <reporter-output>
          </reporter-output>
        </test-method> <!-- myfirstTest -->
      </class> <!-- locator.rahulshettyacademadvancedxpath -->
    </test> <!-- Default test -->
  </suite> <!-- Default suite -->
</testng-results>
