<?xml version="1.0" encoding="UTF-8"?>
<testng-results ignored="0" total="1" passed="1" failed="0" skipped="0">
  <reporter-output>
  </reporter-output>
  <suite started-at="2022-10-12T09:29:53 BDT" name="Default suite" finished-at="2022-10-12T09:30:51 BDT" duration-ms="57587">
    <groups>
    </groups>
    <test started-at="2022-10-12T09:29:53 BDT" name="Default test" finished-at="2022-10-12T09:30:51 BDT" duration-ms="57587">
      <class name="rokomari.com.TanvirTain.MyFirsttest">
        <test-method signature="myfirstTest()[pri:0, instance:rokomari.com.TanvirTain.MyFirsttest@428640fa]" started-at="2022-10-12T09:29:53 BDT" name="myfirstTest" finished-at="2022-10-12T09:30:51 BDT" duration-ms="57518" status="PASS">
          <reporter-output>
          </reporter-output>
        </test-method> <!-- myfirstTest -->
      </class> <!-- rokomari.com.TanvirTain.MyFirsttest -->
    </test> <!-- Default test -->
  </suite> <!-- Default suite -->
</testng-results>
